<?xml version="1.0" encoding="UTF-8"?>
<testng-results ignored="0" total="1" passed="1" failed="0" skipped="0">
  <reporter-output>
  </reporter-output>
  <suite started-at="2023-06-29T16:54:07 IST" name="Suite" finished-at="2023-06-29T16:54:07 IST" duration-ms="148">
    <groups>
    </groups>
    <test started-at="2023-06-29T16:54:07 IST" name="Test" finished-at="2023-06-29T16:54:07 IST" duration-ms="148">
      <class name="demo.democlass">
        <test-method signature="demotest()[pri:0, instance:demo.democlass@47faa49c]" started-at="2023-06-29T16:54:07 IST" name="demotest" finished-at="2023-06-29T16:54:07 IST" duration-ms="22" status="PASS">
          <reporter-output>
          </reporter-output>
        </test-method> <!-- demotest -->
      </class> <!-- demo.democlass -->
    </test> <!-- Test -->
  </suite> <!-- Suite -->
</testng-results>
